<?xml version="1.0" encoding="UTF-8"?>
<!-- Generated by org.testng.reporters.JUnitXMLReporter -->
<testsuite ignored="0" hostname="DESKTOP-ED7Q69P" failures="1" tests="1" name="Surefire test" time="0.057" errors="0" timestamp="2025-10-12T13:15:00 WEST">
  <testcase classname="testCases.TC001_AccountRegistrationTest" name="verify_account_registration" time="0.005">
    <failure type="java.lang.NullPointerException" message="Cannot invoke &amp;quot;org.apache.logging.log4j.Logger.info(String)&amp;quot; because &amp;quot;this.logger&amp;quot; is null">
      <![CDATA[java.lang.NullPointerException: Cannot invoke "org.apache.logging.log4j.Logger.info(String)" because "this.logger" is null
at testCases.TC001_AccountRegistrationTest.verify_account_registration(TC001_AccountRegistrationTest.java:22)
at java.base/java.util.ArrayList.forEach(ArrayList.java:1511)
... Removed 32 stack frames]]>
    </failure>
  </testcase> <!-- verify_account_registration -->
</testsuite> <!-- Surefire test -->
