<?xml version="1.0" encoding="UTF-8"?>
<!-- Generated by org.testng.reporters.JUnitXMLReporter -->
<testsuite ignored="0" hostname="DESKTOP-ED7Q69P" failures="0" tests="5" name="Test" time="81.208" errors="0" timestamp="2025-10-29T15:26:19 WEST">
  <testcase classname="testCases.TC003_LoginDDT" name="verify_loginDDT" time="15.397"/>
  <testcase classname="testCases.TC003_LoginDDT" name="verify_loginDDT" time="8.977"/>
  <testcase classname="testCases.TC003_LoginDDT" name="verify_loginDDT" time="6.843"/>
  <testcase classname="testCases.TC003_LoginDDT" name="verify_loginDDT" time="18.126"/>
  <testcase classname="testCases.TC003_LoginDDT" name="verify_loginDDT" time="7.213"/>
</testsuite> <!-- Test -->
