<?xml version="1.0" encoding="UTF-8"?>
<testng-results ignored="0" total="1" passed="1" failed="0" skipped="0">
  <reporter-output>
  </reporter-output>
  <suite started-at="2025-10-28T18:02:30 WEST" name="Default suite" finished-at="2025-10-28T18:02:45 WEST" duration-ms="14782">
    <groups>
    </groups>
    <test started-at="2025-10-28T18:02:30 WEST" name="Default test" finished-at="2025-10-28T18:02:45 WEST" duration-ms="14782">
      <class name="testCases.TC001_AccountRegistrationTest">
        <test-method is-config="true" signature="setup()[pri:0, instance:testCases.TC001_AccountRegistrationTest@13c3c1e1]" started-at="2025-10-28T18:02:30 WEST" name="setup" finished-at="2025-10-28T18:02:39 WEST" duration-ms="8424" status="PASS">
          <reporter-output>
          </reporter-output>
        </test-method> <!-- setup -->
        <test-method signature="verify_account_registration()[pri:0, instance:testCases.TC001_AccountRegistrationTest@13c3c1e1]" started-at="2025-10-28T18:02:39 WEST" name="verify_account_registration" finished-at="2025-10-28T18:02:45 WEST" duration-ms="5950" status="PASS">
          <reporter-output>
          </reporter-output>
        </test-method> <!-- verify_account_registration -->
        <test-method is-config="true" signature="tearDown()[pri:0, instance:testCases.TC001_AccountRegistrationTest@13c3c1e1]" started-at="2025-10-28T18:02:45 WEST" name="tearDown" finished-at="2025-10-28T18:02:45 WEST" duration-ms="323" status="PASS">
          <reporter-output>
          </reporter-output>
        </test-method> <!-- tearDown -->
      </class> <!-- testCases.TC001_AccountRegistrationTest -->
    </test> <!-- Default test -->
  </suite> <!-- Default suite -->
</testng-results>
